<?xml version="1.0" encoding="UTF-8"?>
<!-- Generated by org.testng.reporters.JUnitReportReporter -->
<testsuite hostname="DESKTOP-QOQL0HO" failures="0" tests="1" name="shopperstack.TC05_SS_Kids" time="47.519" errors="0" timestamp="2024-01-20T02:58:42 GMT-08:00" skipped="0">
  <testcase classname="shopperstack.TC05_SS_Kids" name="kids" time="47.519"/>
  <system-out/>
</testsuite> <!-- shopperstack.TC05_SS_Kids -->
