<?xml version="1.0" encoding="UTF-8"?>
<!-- Generated by org.testng.reporters.JUnitReportReporter -->
<testsuite hostname="DESKTOP-QOQL0HO" failures="0" tests="3" name="testng_basics.Char_2_2" time="0.015" errors="0" timestamp="2024-01-11T03:21:21 GMT-08:00" skipped="0">
  <testcase classname="testng_basics.Char_2_2" name="login" time="0.003"/>
  <system-out/>
  <testcase classname="testng_basics.Char_2_2" name="register" time="0.010"/>
  <system-out/>
  <testcase classname="testng_basics.Char_2_2" name="logout" time="0.002"/>
  <system-out/>
</testsuite> <!-- testng_basics.Char_2_2 -->
