<?xml version="1.0" encoding="UTF-8"?>
<!-- Generated by org.testng.reporters.JUnitReportReporter -->
<testsuite hostname="DESKTOP-QOQL0HO" failures="0" tests="1" name="shopperstack.SS_Register" time="29.070" errors="0" timestamp="2024-01-18T02:50:26 GMT-08:00" skipped="0">
  <testcase classname="shopperstack.SS_Register" name="register" time="29.070"/>
  <system-out/>
</testsuite> <!-- shopperstack.SS_Register -->
