<?xml version="1.0" encoding="UTF-8"?>
<!-- Generated by org.testng.reporters.JUnitReportReporter -->
<testsuite hostname="DESKTOP-QOQL0HO" failures="0" tests="1" name="shopperstack.TC06_SS_Logout" time="46.031" errors="0" timestamp="2024-01-20T02:58:41 GMT-08:00" skipped="0">
  <testcase classname="shopperstack.TC06_SS_Logout" name="logout" time="46.031"/>
  <system-out/>
</testsuite> <!-- shopperstack.TC06_SS_Logout -->
