<?xml version="1.0" encoding="UTF-8"?>
<!-- Generated by org.testng.reporters.JUnitReportReporter -->
<testsuite hostname="DESKTOP-QOQL0HO" failures="0" tests="1" name="shopperstack.TC04_SS_Women" time="50.317" errors="0" timestamp="2024-01-20T02:58:41 GMT-08:00" skipped="0">
  <testcase classname="shopperstack.TC04_SS_Women" name="women" time="50.317"/>
  <system-out/>
</testsuite> <!-- shopperstack.TC04_SS_Women -->
