<?xml version="1.0" encoding="UTF-8"?>
<!-- Generated by org.testng.reporters.JUnitReportReporter -->
<testsuite hostname="DESKTOP-QOQL0HO" failures="0" tests="1" name="shopperstack.TC01_SS_Register" time="28.703" errors="0" timestamp="2024-01-23T03:01:24 GMT-08:00" skipped="0">
  <testcase classname="shopperstack.TC01_SS_Register" name="register" time="28.703"/>
  <system-out/>
</testsuite> <!-- shopperstack.TC01_SS_Register -->
