<?xml version="1.0" encoding="UTF-8"?>
<!-- Generated by org.testng.reporters.JUnitReportReporter -->
<testsuite hostname="DESKTOP-QOQL0HO" failures="0" tests="2" name="testng_basics.Basics" time="0.016" errors="0" timestamp="2024-01-10T03:24:12 GMT-08:00" skipped="0">
  <testcase classname="testng_basics.Basics" name="m2" time="0.005"/>
  <system-out>
    <![CDATA[from m2()]]>
  </system-out>
  <testcase classname="testng_basics.Basics" name="m1" time="0.011"/>
  <system-out>
    <![CDATA[from m1()]]>
  </system-out>
</testsuite> <!-- testng_basics.Basics -->
