<?xml version="1.0" encoding="UTF-8"?>
<!-- Generated by org.testng.reporters.JUnitReportReporter -->
<testsuite hostname="DESKTOP-QOQL0HO" failures="0" tests="1" name="testng_basics.Characteristics" time="0.009" errors="0" timestamp="2024-01-10T04:03:33 GMT-08:00" skipped="0">
  <testcase classname="testng_basics.Characteristics" name="test" time="0.009"/>
  <system-out/>
</testsuite> <!-- testng_basics.Characteristics -->
